[0m[[0m[0mdebug[0m] [0m[0m> Exec(early(addDefaultCommands), None, None)[0m
[0m[[0m[0mdebug[0m] [0m[0m> Exec(addDefaultCommands, None, None)[0m
[0m[[0m[0mdebug[0m] [0m[0m> Exec(early(initialize), None, None)[0m
[0m[[0m[0mdebug[0m] [0m[0m> Exec(initialize, None, None)[0m
[0m[[0m[0mdebug[0m] [0m[0m> Exec(boot, None, None)[0m
[0m[[0m[0mdebug[0m] [0m[0m> Exec(writeSbtVersion, None, None)[0m
[0m[[0m[0mdebug[0m] [0m[0m> Exec(reload, None, None)[0m
[0m[[0m[0mdebug[0m] [0m[0m> Exec(sbtStashOnFailure, None, None)[0m
[0m[[0m[0mdebug[0m] [0m[0m> Exec(onFailure loadFailed, None, None)[0m
[0m[[0m[0mdebug[0m] [0m[0m> Exec(loadp, None, None)[0m
[0m[[0m[0minfo[0m] [0m[0mwelcome to sbt 1.12.4 (Eclipse Adoptium Java 21.0.10)[0m
[0m[[0m[0mdebug[0m] [0m[0mLoad.defaultLoad until apply took 178.1863ms[0m
[0m[[0m[0mdebug[0m] [0m[0m          Load.loadUnit: plugins took 119.3734ms[0m
[0m[[0m[0mdebug[0m] [0m[0m          Load.loadUnit: defsScala took 0.4743ms[0m
[0m[[0m[0mdebug[0m] [0m[0m[Loading] Scanning directory C:\Users\syedm\Practice\open_source\Prototype_Native\native-poller\project[0m
[0m[[0m[0mdebug[0m] [0m[0m            Load.loadUnit: mkEval took 6.5143ms[0m
[0m[[0m[0mdebug[0m] [0m[0m[Loading] Found non-root projects [0m
[0m[[0m[0mdebug[0m] [0m[0m[Loading] Done in C:\Users\syedm\Practice\open_source\Prototype_Native\native-poller\project, returning: ()[0m
[0m[[0m[0mdebug[0m] [0m[0mdeducing auto plugins based on known facts Set(Atom(sbt.plugins.CorePlugin)) and clauses Clauses(Clause(Atom(sbt.plugins.JvmPlugin),Set(Atom(sbt.plugins.IvyPlugin)))[0m
[0m[[0m[0mdebug[0m] [0m[0mClause(Atom(sbt.ScriptedPlugin),Set(Atom(sbt.plugins.JvmPlugin)))[0m
[0m[[0m[0mdebug[0m] [0m[0mClause(Atom(sbt.plugins.SbtPlugin),Set(Atom(sbt.ScriptedPlugin)))[0m
[0m[[0m[0mdebug[0m] [0m[0mClause(Atom(sbt.plugins.SemanticdbPlugin),Set(Atom(sbt.plugins.JvmPlugin)))[0m
[0m[[0m[0mdebug[0m] [0m[0mClause(Atom(sbt.plugins.JUnitXmlReportPlugin),Set(Atom(sbt.plugins.JvmPlugin)))[0m
[0m[[0m[0mdebug[0m] [0m[0mClause(Atom(sbt.plugins.MiniDependencyTreePlugin),Set(Atom(sbt.plugins.JvmPlugin)))[0m
[0m[[0m[0mdebug[0m] [0m[0mClause(Atom(sbt.plugins.CorePlugin),Set(Atom(sbt.plugins.IvyPlugin)))[0m
[0m[[0m[0mdebug[0m] [0m[0mClause(Atom(sbt.plugins.IvyPlugin),Set(Atom(sbt.plugins.JvmPlugin)))[0m
[0m[[0m[0mdebug[0m] [0m[0mClause(Atom(sbt.plugins.JvmPlugin),Set(Atom(sbt.plugins.SemanticdbPlugin)))[0m
[0m[[0m[0mdebug[0m] [0m[0mClause(Atom(sbt.plugins.JvmPlugin),Set(Atom(sbt.plugins.JUnitXmlReportPlugin)))[0m
[0m[[0m[0mdebug[0m] [0m[0mClause(Atom(sbt.plugins.CorePlugin),Set(Atom(sbt.plugins.Giter8TemplatePlugin)))[0m
[0m[[0m[0mdebug[0m] [0m[0mClause(Atom(sbt.plugins.JvmPlugin),Set(Atom(sbt.plugins.MiniDependencyTreePlugin))))[0m
[0m[[0m[0mdebug[0m] [0m[0m  :: deduced result: Matched(sbt.plugins.CorePlugin,sbt.plugins.Giter8TemplatePlugin,sbt.plugins.IvyPlugin,sbt.plugins.JvmPlugin,sbt.plugins.MiniDependencyTreePlugin,sbt.plugins.JUnitXmlReportPlugin,sbt.plugins.SemanticdbPlugin)[0m
[0m[[0m[0mdebug[0m] [0m[0mPlugins.deducer#function took 17.1081 ms[0m
[0m[[0m[0minfo[0m] [0m[0mloading settings for project native-poller-build from plugins.sbt...[0m
[0m[[0m[0mdebug[0m] [0m[0m              Load.resolveProject(native-poller-build) took 48.0866ms[0m
[0m[[0m[0mdebug[0m] [0m[0m            Load.loadTransitive: finalizeProject(Project(id native-poller-build, base: C:\Users\syedm\Practice\open_source\Prototype_Native\native-poller\project, plugins: List(<none>))) took 82.9852ms[0m
[0m[[0m[0mdebug[0m] [0m[0m[Loading] Done in C:\Users\syedm\Practice\open_source\Prototype_Native\native-poller\project, returning: (native-poller-build)[0m
[0m[[0m[0mdebug[0m] [0m[0m          Load.loadUnit: loadedProjectsRaw took 435.2985ms[0m
[0m[[0m[0mdebug[0m] [0m[0m          Load.loadUnit: cleanEvalClasses took 16.903ms[0m
[0m[[0m[0mdebug[0m] [0m[0m        Load.loadUnit(file:/C:/Users/syedm/Practice/open_source/Prototype_Native/native-poller/project/, ...) took 580.6112ms[0m
[0m[[0m[0mdebug[0m] [0m[0m      Load.apply: load took 746.6047ms[0m
[0m[[0m[0mdebug[0m] [0m[0m      Load.apply: resolveProjects took 9.6212ms[0m
[0m[[0m[0mdebug[0m] [0m[0m      Load.apply: finalTransforms took 75.2258ms[0m
[0m[[0m[0mdebug[0m] [0m[0m      Load.apply: config.delegates took 8.8183ms[0m
[0m[[0m[0mdebug[0m] [0m[0m      Load.apply: Def.make(settings)... took 677.8222ms[0m
[0m[[0m[0mdebug[0m] [0m[0m      Load.apply: structureIndex took 156.7051ms[0m
[0m[[0m[0mdebug[0m] [0m[0m      Load.apply: mkStreams took 3.4032ms[0m
[0m[[0m[0minfo[0m] [0m[0mloading project definition from C:\Users\syedm\Practice\open_source\Prototype_Native\native-poller\project[0m
[0m[[0m[0mdebug[0m] [0m[0mRunning task... Cancel: Signal, check cycles: false, forcegc: true[0m
[0m[[0m[0mdebug[0m] [0m[0m    Load.loadUnit: plugins took 4021.8781ms[0m
[0m[[0m[0mdebug[0m] [0m[0m    Load.loadUnit: defsScala took 0.0028ms[0m
[0m[[0m[0mdebug[0m] [0m[0m[Loading] Scanning directory C:\Users\syedm\Practice\open_source\Prototype_Native\native-poller[0m
[0m[[0m[0mdebug[0m] [0m[0m      Load.loadUnit: mkEval took 0.6063ms[0m
[0m[[0m[0mdebug[0m] [0m[0m[Loading] Found non-root projects core,example[0m
[0m[[0m[0mdebug[0m] [0m[0m[Loading] Loading project core @ C:\Users\syedm\Practice\open_source\Prototype_Native\native-poller\core[0m
[0m[[0m[0mdebug[0m] [0m[0mdeducing auto plugins based on known facts Set(Atom(sbt.plugins.CorePlugin)) and clauses Clauses(Clause(Atom(sbt.plugins.JvmPlugin),Set(Atom(sbt.plugins.IvyPlugin)))[0m
[0m[[0m[0mdebug[0m] [0m[0mClause(Atom(sbt.ScriptedPlugin),Set(Atom(sbt.plugins.JvmPlugin)))[0m
[0m[[0m[0mdebug[0m] [0m[0mClause(Atom(sbt.plugins.SbtPlugin),Set(Atom(sbt.ScriptedPlugin)))[0m
[0m[[0m[0mdebug[0m] [0m[0mClause(Atom(sbt.plugins.SemanticdbPlugin),Set(Atom(sbt.plugins.JvmPlugin)))[0m
[0m[[0m[0mdebug[0m] [0m[0mClause(Atom(sbt.plugins.JUnitXmlReportPlugin),Set(Atom(sbt.plugins.JvmPlugin)))[0m
[0m[[0m[0mdebug[0m] [0m[0mClause(Atom(sbt.plugins.MiniDependencyTreePlugin),Set(Atom(sbt.plugins.JvmPlugin)))[0m
[0m[[0m[0mdebug[0m] [0m[0mClause(Atom(org.scalajs.sbtplugin.ScalaJSJUnitPlugin),Set(Atom(org.scalajs.sbtplugin.ScalaJSPlugin)))[0m
[0m[[0m[0mdebug[0m] [0m[0mClause(Atom(org.scalajs.sbtplugin.ScalaJSPlugin),Set(Atom(sbt.plugins.JvmPlugin)))[0m
[0m[[0m[0mdebug[0m] [0m[0mClause(Atom(org.typelevel.sbt.TypelevelBspPlugin),Set(Atom(sbtcrossproject.CrossPlugin)))[0m
[0m[[0m[0mdebug[0m] [0m[0mClause(Atom(org.typelevel.sbt.TypelevelPlugin),Set(Atom(de.heikoseeberger.sbtheader.HeaderPlugin)))[0m
[0m[[0m[0mdebug[0m] [0m[0mClause(Atom(org.typelevel.sbt.TypelevelPlugin),Set(Atom(org.typelevel.sbt.gha.GitHubActionsPlugin)))[0m
[0m[[0m[0mdebug[0m] [0m[0mClause(Atom(org.typelevel.sbt.TypelevelPlugin),Set(Atom(org.typelevel.sbt.TypelevelCiReleasePlugin)))[0m
[0m[[0m[0mdebug[0m] [0m[0mClause(Atom(org.typelevel.sbt.TypelevelPlugin),Set(Atom(org.typelevel.sbt.TypelevelKernelPlugin)))[0m
[0m[[0m[0mdebug[0m] [0m[0mClause(Atom(org.typelevel.sbt.TypelevelPlugin),Set(Atom(org.typelevel.sbt.TypelevelSettingsPlugin)))[0m
[0m[[0m[0mdebug[0m] [0m[0mClause(Atom(org.portablescala.sbtplatformdeps.PlatformDepsPlugin),Set(Atom(sbt.plugins.JvmPlugin)))[0m
[0m[[0m[0mdebug[0m] [0m[0mClause(Atom(org.typelevel.sbt.TypelevelCiReleasePlugin),Set(Atom(org.typelevel.sbt.TypelevelCiSigningPlugin)))[0m
[0m[[0m[0mdebug[0m] [0m[0mClause(Atom(org.typelevel.sbt.TypelevelCiReleasePlugin),Set(Atom(org.typelevel.sbt.TypelevelSonatypeCiReleasePlugin)))[0m
[0m[[0m[0mdebug[0m] [0m[0mClause(Atom(org.typelevel.sbt.TypelevelCiReleasePlugin),Set(Atom(org.typelevel.sbt.TypelevelCiPlugin)))[0m
[0m[[0m[0mdebug[0m] [0m[0mClause(Atom(org.typelevel.sbt.TypelevelCiReleasePlugin),Set(Atom(org.typelevel.sbt.TypelevelVersioningPlugin)))[0m
[0m[[0m[0mdebug[0m] [0m[0mClause(Atom(org.typelevel.sbt.TypelevelCiReleasePlugin),Set(Atom(org.typelevel.sbt.TypelevelMimaPlugin)))[0m
[0m[[0m[0mdebug[0m] [0m[0mClause(Atom(org.typelevel.sbt.TypelevelSettingsPlugin),Set(Atom(org.typelevel.sbt.TypelevelKernelPlugin)))[0m
[0m[[0m[0mdebug[0m] [0m[0mClause(Atom(org.typelevel.sbt.TypelevelSettingsPlugin),Set(Atom(com.github.sbt.git.GitPlugin)))[0m
[0m[[0m[0mdebug[0m] [0m[0mClause(Atom(org.scalafmt.sbt.ScalafmtPlugin),Set(Atom(sbt.plugins.JvmPlugin)))[0m
[0m[[0m[0mdebug[0m] [0m[0mClause(Atom(de.heikoseeberger.sbtheader.AutomateHeaderPlugin),Set(Atom(de.heikoseeberger.sbtheader.HeaderPlugin)))[0m
[0m[[0m[0mdebug[0m] [0m[0mClause(Atom(de.heikoseeberger.sbtheader.HeaderPlugin),Set(Atom(sbt.plugins.JvmPlugin)))[0m
[0m[[0m[0mdebug[0m] [0m[0mClause(Atom(scalajscrossproject.ScalaJSCrossPlugin),Set(Atom(org.scalajs.sbtplugin.ScalaJSPlugin)))[0m
[0m[[0m[0mdebug[0m] [0m[0mClause(Atom(scalanativecrossproject.ScalaNativeCrossPlugin),Set(Atom(sbt.plugins.JvmPlugin)))[0m
[0m[[0m[0mdebug[0m] [0m[0mClause(Atom(org.typelevel.sbt.NoPublishGlobalPlugin),Set(Atom(sbt.plugins.JvmPlugin)))[0m
[0m[[0m[0mdebug[0m] [0m[0mClause(Atom(org.typelevel.sbt.NoPublishPlugin),Set(Atom(sbt.plugins.JvmPlugin)))[0m
[0m[[0m[0mdebug[0m] [0m[0mClause(Atom(org.typelevel.sbt.TypelevelGitHubPlugin),Set(Atom(org.typelevel.sbt.TypelevelKernelPlugin)))[0m
[0m[[0m[0mdebug[0m] [0m[0mClause(Atom(org.typelevel.sbt.TypelevelScalaJSGitHubPlugin),Set(Atom(org.scalajs.sbtplugin.ScalaJSPlugin)))[0m
[0m[[0m[0mdebug[0m] [0m[0mClause(Atom(org.typelevel.sbt.TypelevelScalaJSGitHubPlugin),Set(Atom(org.typelevel.sbt.TypelevelKernelPlugin)))[0m
[0m[[0m[0mdebug[0m] [0m[0mClause(Atom(org.typelevel.sbt.TypelevelScalaNativeGitHubPlugin),Set(Atom(scala.scalanative.sbtplugin.ScalaNativePlugin)))[0m
[0m[[0m[0mdebug[0m] [0m[0mClause(Atom(org.typelevel.sbt.TypelevelScalaNativeGitHubPlugin),Set(Atom(org.typelevel.sbt.TypelevelKernelPlugin)))[0m
[0m[[0m[0mdebug[0m] [0m[0mClause(Atom(org.typelevel.sbt.TypelevelVersioningPlugin),Set(Atom(com.github.sbt.git.GitPlugin)))[0m
[0m[[0m[0mdebug[0m] [0m[0mClause(Atom(org.typelevel.sbt.TypelevelMimaPlugin),Set(Atom(com.typesafe.tools.mima.plugin.MimaPlugin)))[0m
[0m[[0m[0mdebug[0m] [0m[0mClause(Atom(org.typelevel.sbt.TypelevelCiCrossPlugin),Set(Atom(org.typelevel.sbt.TypelevelCiPlugin)))[0m
[0m[[0m[0mdebug[0m] [0m[0mClause(Atom(org.typelevel.sbt.TypelevelCiJSPlugin),Set(Atom(org.typelevel.sbt.TypelevelCiCrossPlugin)))[0m
[0m[[0m[0mdebug[0m] [0m[0mClause(Atom(org.typelevel.sbt.TypelevelCiJVMPlugin),Set(Atom(org.typelevel.sbt.TypelevelCiCrossPlugin)))[0m
[0m[[0m[0mdebug[0m] [0m[0mClause(Atom(org.typelevel.sbt.TypelevelCiNativePlugin),Set(Atom(org.typelevel.sbt.TypelevelCiCrossPlugin)))[0m
[0m[[0m[0mdebug[0m] [0m[0mClause(Atom(org.typelevel.sbt.TypelevelCiPlugin),Set(Atom(org.typelevel.sbt.gha.GitHubActionsPlugin)))[0m
[0m[[0m[0mdebug[0m] [0m[0mClause(Atom(org.typelevel.sbt.TypelevelCiPlugin),Set(Atom(org.typelevel.sbt.gha.GenerativePlugin)))[0m
[0m[[0m[0mdebug[0m] [0m[0mClause(Atom(org.typelevel.sbt.TypelevelSonatypeCiReleasePlugin),Set(Atom(org.typelevel.sbt.gha.GenerativePlugin)))[0m
[0m[[0m[0mdebug[0m] [0m[0mClause(Atom(org.typelevel.sbt.TypelevelSonatypeCiReleasePlugin),Set(Atom(org.typelevel.sbt.TypelevelSonatypePlugin)))[0m
[0m[[0m[0mdebug[0m] [0m[0mClause(Atom(org.typelevel.sbt.TypelevelSonatypeCiReleasePlugin),Set(Atom(org.typelevel.sbt.gha.GitHubActionsPlugin)))[0m
[0m[[0m[0mdebug[0m] [0m[0mClause(Atom(org.typelevel.sbt.TypelevelCiSigningPlugin),Set(Atom(org.typelevel.sbt.gha.GenerativePlugin)))[0m
[0m[[0m[0mdebug[0m] [0m[0mClause(Atom(org.typelevel.sbt.TypelevelCiSigningPlugin),Set(Atom(io.crashbox.gpg.SbtGpg)))[0m
[0m[[0m[0mdebug[0m] [0m[0mClause(Atom(org.typelevel.sbt.TypelevelCiSigningPlugin),Set(Atom(org.typelevel.sbt.gha.GitHubActionsPlugin)))[0m
[0m[[0m[0mdebug[0m] [0m[0mClause(Atom(org.typelevel.sbt.TypelevelKernelPlugin),Set(Atom(sbt.plugins.JvmPlugin)))[0m
[0m[[0m[0mdebug[0m] [0m[0mClause(Atom(com.github.sbt.git.GitBranchPrompt),Set(Atom(com.github.sbt.git.GitPlugin)))[0m
[0m[[0m[0mdebug[0m] [0m[0mClause(Atom(com.github.sbt.git.GitVersioning),Set(Atom(sbt.plugins.IvyPlugin)))[0m
[0m[[0m[0mdebug[0m] [0m[0mClause(Atom(com.github.sbt.git.GitVersioning),Set(Atom(com.github.sbt.git.GitPlugin)))[0m
[0m[[0m[0mdebug[0m] [0m[0mClause(Atom(sbtcrossproject.CrossPlugin),Set(Atom(sbt.plugins.JvmPlugin)))[0m
[0m[[0m[0mdebug[0m] [0m[0mClause(Atom(scala.scalanative.sbtplugin.ScalaNativeJUnitPlugin),Set(Atom(scala.scalanative.sbtplugin.ScalaNativePlugin)))[0m
[0m[[0m[0mdebug[0m] [0m[0mClause(Atom(scala.scalanative.sbtplugin.ScalaNativePlugin),Set(Atom(sbt.plugins.JvmPlugin)))[0m
[0m[[0m[0mdebug[0m] [0m[0mClause(Atom(com.typesafe.tools.mima.plugin.MimaPlugin),Set(Atom(sbt.plugins.JvmPlugin)))[0m
[0m[[0m[0mdebug[0m] [0m[0mClause(Atom(org.typelevel.sbt.gha.GenerativePlugin),Set(Atom(sbt.plugins.JvmPlugin)))[0m
[0m[[0m[0mdebug[0m] [0m[0mClause(Atom(org.typelevel.sbt.gha.GitHubActionsPlugin),Set(Atom(sbt.plugins.JvmPlugin)))[0m
[0m[[0m[0mdebug[0m] [0m[0mClause(Atom(org.typelevel.sbt.TypelevelSonatypePlugin),Set(Atom(com.typesafe.tools.mima.plugin.MimaPlugin)))[0m
[0m[[0m[0mdebug[0m] [0m[0mClause(Atom(org.typelevel.sbt.TypelevelSonatypePlugin),Set(Atom(xerial.sbt.Sonatype)))[0m
[0m[[0m[0mdebug[0m] [0m[0mClause(Atom(org.typelevel.sbt.TypelevelUnidocPlugin),Set(Atom(sbtunidoc.ScalaUnidocPlugin)))[0m
[0m[[0m[0mdebug[0m] [0m[0mClause(Atom(io.crashbox.gpg.SbtGpg),Set(Atom(sbt.plugins.JvmPlugin)))[0m
[0m[[0m[0mdebug[0m] [0m[0mClause(Atom(xerial.sbt.Sonatype),Set(Atom(sbt.plugins.JvmPlugin)))[0m
[0m[[0m[0mdebug[0m] [0m[0mClause(Atom(sbtunidoc.BaseUnidocPlugin),Set(Atom(sbt.plugins.JvmPlugin)))[0m
[0m[[0m[0mdebug[0m] [0m[0mClause(Atom(sbtunidoc.GenJavadocPlugin),Set(Atom(sbt.plugins.JvmPlugin)))[0m
[0m[[0m[0mdebug[0m] [0m[0mClause(Atom(sbtunidoc.JavaUnidocPlugin),Set(Atom(sbtunidoc.BaseUnidocPlugin)))[0m
[0m[[0m[0mdebug[0m] [0m[0mClause(Atom(sbtunidoc.PublishJavadocPlugin),Set(Atom(sbtunidoc.GenJavadocPlugin)))[0m
[0m[[0m[0mdebug[0m] [0m[0mClause(Atom(sbtunidoc.ScalaUnidocPlugin),Set(Atom(sbtunidoc.BaseUnidocPlugin)))[0m
[0m[[0m[0mdebug[0m] [0m[0mClause(Atom(sbt.plugins.CorePlugin),Set(Atom(sbt.plugins.IvyPlugin)))[0m
[0m[[0m[0mdebug[0m] [0m[0mClause(Atom(sbt.plugins.IvyPlugin),Set(Atom(sbt.plugins.JvmPlugin)))[0m
[0m[[0m[0mdebug[0m] [0m[0mClause(Atom(sbt.plugins.JvmPlugin),Set(Atom(sbt.plugins.SemanticdbPlugin)))[0m
[0m[[0m[0mdebug[0m] [0m[0mClause(Atom(sbt.plugins.JvmPlugin),Set(Atom(sbt.plugins.JUnitXmlReportPlugin)))[0m
[0m[[0m[0mdebug[0m] [0m[0mClause(Atom(sbt.plugins.CorePlugin),Set(Atom(sbt.plugins.Giter8TemplatePlugin)))[0m
[0m[[0m[0mdebug[0m] [0m[0mClause(Atom(sbt.plugins.JvmPlugin),Set(Atom(sbt.plugins.MiniDependencyTreePlugin)))[0m
[0m[[0m[0mdebug[0m] [0m[0mClause(Atom(sbtcrossproject.CrossPlugin),Set(Atom(org.typelevel.sbt.TypelevelBspPlugin)))[0m
[0m[[0m[0mdebug[0m] [0m[0mClause(And(Set(Atom(org.typelevel.sbt.TypelevelSettingsPlugin), Atom(org.typelevel.sbt.TypelevelKernelPlugin), Atom(org.typelevel.sbt.TypelevelCiReleasePlugin), Atom(org.typelevel.sbt.gha.GitHubActionsPlugin), Atom(de.heikoseeberger.sbtheader.HeaderPlugin))),Set(Atom(org.typelevel.sbt.TypelevelPlugin)))[0m
[0m[[0m[0mdebug[0m] [0m[0mClause(Atom(sbt.plugins.JvmPlugin),Set(Atom(org.portablescala.sbtplatformdeps.PlatformDepsPlugin)))[0m
[0m[[0m[0mdebug[0m] [0m[0mClause(And(Set(Atom(org.typelevel.sbt.TypelevelCiSigningPlugin), Atom(org.typelevel.sbt.TypelevelSonatypeCiReleasePlugin), Atom(org.typelevel.sbt.TypelevelMimaPlugin), Atom(org.typelevel.sbt.TypelevelVersioningPlugin), Atom(org.typelevel.sbt.TypelevelCiPlugin))),Set(Atom(org.typelevel.sbt.TypelevelCiReleasePlugin)))[0m
[0m[[0m[0mdebug[0m] [0m[0mClause(And(Set(Atom(org.typelevel.sbt.TypelevelKernelPlugin), Atom(com.github.sbt.git.GitPlugin))),Set(Atom(org.typelevel.sbt.TypelevelSettingsPlugin)))[0m
[0m[[0m[0mdebug[0m] [0m[0mClause(Atom(sbt.plugins.JvmPlugin),Set(Atom(org.scalafmt.sbt.ScalafmtPlugin)))[0m
[0m[[0m[0mdebug[0m] [0m[0mClause(Atom(sbt.plugins.JvmPlugin),Set(Atom(de.heikoseeberger.sbtheader.HeaderPlugin)))[0m
[0m[[0m[0mdebug[0m] [0m[0mClause(Atom(org.scalajs.sbtplugin.ScalaJSPlugin),Set(Atom(scalajscrossproject.ScalaJSCrossPlugin)))[0m
[0m[[0m[0mdebug[0m] [0m[0mClause(Atom(sbt.plugins.JvmPlugin),Set(Atom(org.typelevel.sbt.NoPublishGlobalPlugin)))[0m
[0m[[0m[0mdebug[0m] [0m[0mClause(Atom(org.typelevel.sbt.TypelevelKernelPlugin),Set(Atom(org.typelevel.sbt.TypelevelGitHubPlugin)))[0m
[0m[[0m[0mdebug[0m] [0m[0mClause(And(Set(Atom(org.scalajs.sbtplugin.ScalaJSPlugin), Atom(org.typelevel.sbt.TypelevelKernelPlugin))),Set(Atom(org.typelevel.sbt.TypelevelScalaJSGitHubPlugin)))[0m
[0m[[0m[0mdebug[0m] [0m[0mClause(And(Set(Atom(scala.scalanative.sbtplugin.ScalaNativePlugin), Atom(org.typelevel.sbt.TypelevelKernelPlugin))),Set(Atom(org.typelevel.sbt.TypelevelScalaNativeGitHubPlugin)))[0m
[0m[[0m[0mdebug[0m] [0m[0mClause(Atom(com.github.sbt.git.GitPlugin),Set(Atom(org.typelevel.sbt.TypelevelVersioningPlugin)))[0m
[0m[[0m[0mdebug[0m] [0m[0mClause(Atom(com.typesafe.tools.mima.plugin.MimaPlugin),Set(Atom(org.typelevel.sbt.TypelevelMimaPlugin)))[0m
[0m[[0m[0mdebug[0m] [0m[0mClause(And(Set(Atom(org.typelevel.sbt.gha.GitHubActionsPlugin), Atom(org.typelevel.sbt.gha.GenerativePlugin))),Set(Atom(org.typelevel.sbt.TypelevelCiPlugin)))[0m
[0m[[0m[0mdebug[0m] [0m[0mClause(And(Set(Atom(org.typelevel.sbt.gha.GenerativePlugin), Atom(org.typelevel.sbt.TypelevelSonatypePlugin), Atom(org.typelevel.sbt.gha.GitHubActionsPlugin))),Set(Atom(org.typelevel.sbt.TypelevelSonatypeCiReleasePlugin)))[0m
[0m[[0m[0mdebug[0m] [0m[0mClause(And(Set(Atom(org.typelevel.sbt.gha.GenerativePlugin), Atom(io.crashbox.gpg.SbtGpg), Atom(org.typelevel.sbt.gha.GitHubActionsPlugin))),Set(Atom(org.typelevel.sbt.TypelevelCiSigningPlugin)))[0m
[0m[[0m[0mdebug[0m] [0m[0mClause(Atom(sbt.plugins.JvmPlugin),Set(Atom(org.typelevel.sbt.TypelevelKernelPlugin)))[0m
[0m[[0m[0mdebug[0m] [0m[0mClause(Atom(sbt.plugins.CorePlugin),Set(Atom(com.github.sbt.git.GitPlugin)))[0m
[0m[[0m[0mdebug[0m] [0m[0mClause(Atom(sbt.plugins.JvmPlugin),Set(Atom(sbtcrossproject.CrossPlugin)))[0m
[0m[[0m[0mdebug[0m] [0m[0mClause(Atom(sbt.plugins.JvmPlugin),Set(Atom(com.typesafe.tools.mima.plugin.MimaPlugin)))[0m
[0m[[0m[0mdebug[0m] [0m[0mClause(Atom(sbt.plugins.JvmPlugin),Set(Atom(org.typelevel.sbt.gha.GenerativePlugin)))[0m
[0m[[0m[0mdebug[0m] [0m[0mClause(Atom(sbt.plugins.JvmPlugin),Set(Atom(org.typelevel.sbt.gha.GitHubActionsPlugin)))[0m
[0m[[0m[0mdebug[0m] [0m[0mClause(And(Set(Atom(com.typesafe.tools.mima.plugin.MimaPlugin), Atom(xerial.sbt.Sonatype))),Set(Atom(org.typelevel.sbt.TypelevelSonatypePlugin)))[0m
[0m[[0m[0mdebug[0m] [0m[0mClause(Atom(sbt.plugins.JvmPlugin),Set(Atom(io.crashbox.gpg.SbtGpg)))[0m
[0m[[0m[0mdebug[0m] [0m[0mClause(Atom(sbt.plugins.JvmPlugin),Set(Atom(xerial.sbt.Sonatype))))[0m
[0m[[0m[0mdebug[0m] [0m[0m  :: deduced result: Matched(sbt.plugins.CorePlugin,com.github.sbt.git.GitPlugin,sbt.plugins.Giter8TemplatePlugin,sbt.plugins.IvyPlugin,org.typelevel.sbt.TypelevelVersioningPlugin,sbt.plugins.JvmPlugin,de.heikoseeberger.sbtheader.HeaderPlugin,org.scalafmt.sbt.ScalafmtPlugin,org.typelevel.sbt.gha.GitHubActionsPlugin,io.crashbox.gpg.SbtGpg,com.typesafe.tools.mima.plugin.MimaPlugin,org.portablescala.sbtplatformdeps.PlatformDepsPlugin,sbt.plugins.SemanticdbPlugin,sbt.plugins.JUnitXmlReportPlugin,org.typelevel.sbt.TypelevelKernelPlugin,xerial.sbt.Sonatype,sbtcrossproject.CrossPlugin,org.typelevel.sbt.gha.GenerativePlugin,sbt.plugins.MiniDependencyTreePlugin,org.typelevel.sbt.NoPublishGlobalPlugin,org.typelevel.sbt.TypelevelCiPlugin,org.typelevel.sbt.TypelevelSonatypePlugin,org.typelevel.sbt.TypelevelMimaPlugin,org.typelevel.sbt.TypelevelGitHubPlugin,org.typelevel.sbt.TypelevelSettingsPlugin,org.typelevel.sbt.TypelevelBspPlugin,org.typelevel.sbt.TypelevelCiSigningPlugin,org.typelevel.sbt.TypelevelSonatypeCiReleasePlugin,org.typelevel.sbt.TypelevelCiReleasePlugin,org.typelevel.sbt.TypelevelPlugin)[0m
[0m[[0m[0mdebug[0m] [0m[0mPlugins.deducer#function took 15.7242 ms[0m
[0m[[0m[0mdebug[0m] [0m[0m      Load.resolveProject(core) took 67.946ms[0m
[0m[[0m[0mdebug[0m] [0m[0m[Loading] Loading project example @ C:\Users\syedm\Practice\open_source\Prototype_Native\native-poller\example[0m
[0m[[0m[0mdebug[0m] [0m[0mdeducing auto plugins based on known facts Set(Atom(sbt.plugins.CorePlugin)) and clauses Clauses(Clause(Atom(sbt.plugins.JvmPlugin),Set(Atom(sbt.plugins.IvyPlugin)))[0m
[0m[[0m[0mdebug[0m] [0m[0mClause(Atom(sbt.ScriptedPlugin),Set(Atom(sbt.plugins.JvmPlugin)))[0m
[0m[[0m[0mdebug[0m] [0m[0mClause(Atom(sbt.plugins.SbtPlugin),Set(Atom(sbt.ScriptedPlugin)))[0m
[0m[[0m[0mdebug[0m] [0m[0mClause(Atom(sbt.plugins.SemanticdbPlugin),Set(Atom(sbt.plugins.JvmPlugin)))[0m
[0m[[0m[0mdebug[0m] [0m[0mClause(Atom(sbt.plugins.JUnitXmlReportPlugin),Set(Atom(sbt.plugins.JvmPlugin)))[0m
[0m[[0m[0mdebug[0m] [0m[0mClause(Atom(sbt.plugins.MiniDependencyTreePlugin),Set(Atom(sbt.plugins.JvmPlugin)))[0m
[0m[[0m[0mdebug[0m] [0m[0mClause(Atom(org.scalajs.sbtplugin.ScalaJSJUnitPlugin),Set(Atom(org.scalajs.sbtplugin.ScalaJSPlugin)))[0m
[0m[[0m[0mdebug[0m] [0m[0mClause(Atom(org.scalajs.sbtplugin.ScalaJSPlugin),Set(Atom(sbt.plugins.JvmPlugin)))[0m
[0m[[0m[0mdebug[0m] [0m[0mClause(Atom(org.typelevel.sbt.TypelevelBspPlugin),Set(Atom(sbtcrossproject.CrossPlugin)))[0m
[0m[[0m[0mdebug[0m] [0m[0mClause(Atom(org.typelevel.sbt.TypelevelPlugin),Set(Atom(de.heikoseeberger.sbtheader.HeaderPlugin)))[0m
[0m[[0m[0mdebug[0m] [0m[0mClause(Atom(org.typelevel.sbt.TypelevelPlugin),Set(Atom(org.typelevel.sbt.gha.GitHubActionsPlugin)))[0m
[0m[[0m[0mdebug[0m] [0m[0mClause(Atom(org.typelevel.sbt.TypelevelPlugin),Set(Atom(org.typelevel.sbt.TypelevelCiReleasePlugin)))[0m
[0m[[0m[0mdebug[0m] [0m[0mClause(Atom(org.typelevel.sbt.TypelevelPlugin),Set(Atom(org.typelevel.sbt.TypelevelKernelPlugin)))[0m
[0m[[0m[0mdebug[0m] [0m[0mClause(Atom(org.typelevel.sbt.TypelevelPlugin),Set(Atom(org.typelevel.sbt.TypelevelSettingsPlugin)))[0m
[0m[[0m[0mdebug[0m] [0m[0mClause(Atom(org.portablescala.sbtplatformdeps.PlatformDepsPlugin),Set(Atom(sbt.plugins.JvmPlugin)))[0m
[0m[[0m[0mdebug[0m] [0m[0mClause(Atom(org.typelevel.sbt.TypelevelCiReleasePlugin),Set(Atom(org.typelevel.sbt.TypelevelCiSigningPlugin)))[0m
[0m[[0m[0mdebug[0m] [0m[0mClause(Atom(org.typelevel.sbt.TypelevelCiReleasePlugin),Set(Atom(org.typelevel.sbt.TypelevelSonatypeCiReleasePlugin)))[0m
[0m[[0m[0mdebug[0m] [0m[0mClause(Atom(org.typelevel.sbt.TypelevelCiReleasePlugin),Set(Atom(org.typelevel.sbt.TypelevelCiPlugin)))[0m
[0m[[0m[0mdebug[0m] [0m[0mClause(Atom(org.typelevel.sbt.TypelevelCiReleasePlugin),Set(Atom(org.typelevel.sbt.TypelevelVersioningPlugin)))[0m
[0m[[0m[0mdebug[0m] [0m[0mClause(Atom(org.typelevel.sbt.TypelevelCiReleasePlugin),Set(Atom(org.typelevel.sbt.TypelevelMimaPlugin)))[0m
[0m[[0m[0mdebug[0m] [0m[0mClause(Atom(org.typelevel.sbt.TypelevelSettingsPlugin),Set(Atom(org.typelevel.sbt.TypelevelKernelPlugin)))[0m
[0m[[0m[0mdebug[0m] [0m[0mClause(Atom(org.typelevel.sbt.TypelevelSettingsPlugin),Set(Atom(com.github.sbt.git.GitPlugin)))[0m
[0m[[0m[0mdebug[0m] [0m[0mClause(Atom(org.scalafmt.sbt.ScalafmtPlugin),Set(Atom(sbt.plugins.JvmPlugin)))[0m
[0m[[0m[0mdebug[0m] [0m[0mClause(Atom(de.heikoseeberger.sbtheader.AutomateHeaderPlugin),Set(Atom(de.heikoseeberger.sbtheader.HeaderPlugin)))[0m
[0m[[0m[0mdebug[0m] [0m[0mClause(Atom(de.heikoseeberger.sbtheader.HeaderPlugin),Set(Atom(sbt.plugins.JvmPlugin)))[0m
[0m[[0m[0mdebug[0m] [0m[0mClause(Atom(scalajscrossproject.ScalaJSCrossPlugin),Set(Atom(org.scalajs.sbtplugin.ScalaJSPlugin)))[0m
[0m[[0m[0mdebug[0m] [0m[0mClause(Atom(scalanativecrossproject.ScalaNativeCrossPlugin),Set(Atom(sbt.plugins.JvmPlugin)))[0m
[0m[[0m[0mdebug[0m] [0m[0mClause(Atom(org.typelevel.sbt.NoPublishGlobalPlugin),Set(Atom(sbt.plugins.JvmPlugin)))[0m
[0m[[0m[0mdebug[0m] [0m[0mClause(Atom(org.typelevel.sbt.NoPublishPlugin),Set(Atom(sbt.plugins.JvmPlugin)))[0m
[0m[[0m[0mdebug[0m] [0m[0mClause(Atom(org.typelevel.sbt.TypelevelGitHubPlugin),Set(Atom(org.typelevel.sbt.TypelevelKernelPlugin)))[0m
[0m[[0m[0mdebug[0m] [0m[0mClause(Atom(org.typelevel.sbt.TypelevelScalaJSGitHubPlugin),Set(Atom(org.scalajs.sbtplugin.ScalaJSPlugin)))[0m
[0m[[0m[0mdebug[0m] [0m[0mClause(Atom(org.typelevel.sbt.TypelevelScalaJSGitHubPlugin),Set(Atom(org.typelevel.sbt.TypelevelKernelPlugin)))[0m
[0m[[0m[0mdebug[0m] [0m[0mClause(Atom(org.typelevel.sbt.TypelevelScalaNativeGitHubPlugin),Set(Atom(scala.scalanative.sbtplugin.ScalaNativePlugin)))[0m
[0m[[0m[0mdebug[0m] [0m[0mClause(Atom(org.typelevel.sbt.TypelevelScalaNativeGitHubPlugin),Set(Atom(org.typelevel.sbt.TypelevelKernelPlugin)))[0m
[0m[[0m[0mdebug[0m] [0m[0mClause(Atom(org.typelevel.sbt.TypelevelVersioningPlugin),Set(Atom(com.github.sbt.git.GitPlugin)))[0m
[0m[[0m[0mdebug[0m] [0m[0mClause(Atom(org.typelevel.sbt.TypelevelMimaPlugin),Set(Atom(com.typesafe.tools.mima.plugin.MimaPlugin)))[0m
[0m[[0m[0mdebug[0m] [0m[0mClause(Atom(org.typelevel.sbt.TypelevelCiCrossPlugin),Set(Atom(org.typelevel.sbt.TypelevelCiPlugin)))[0m
[0m[[0m[0mdebug[0m] [0m[0mClause(Atom(org.typelevel.sbt.TypelevelCiJSPlugin),Set(Atom(org.typelevel.sbt.TypelevelCiCrossPlugin)))[0m
[0m[[0m[0mdebug[0m] [0m[0mClause(Atom(org.typelevel.sbt.TypelevelCiJVMPlugin),Set(Atom(org.typelevel.sbt.TypelevelCiCrossPlugin)))[0m
[0m[[0m[0mdebug[0m] [0m[0mClause(Atom(org.typelevel.sbt.TypelevelCiNativePlugin),Set(Atom(org.typelevel.sbt.TypelevelCiCrossPlugin)))[0m
[0m[[0m[0mdebug[0m] [0m[0mClause(Atom(org.typelevel.sbt.TypelevelCiPlugin),Set(Atom(org.typelevel.sbt.gha.GitHubActionsPlugin)))[0m
[0m[[0m[0mdebug[0m] [0m[0mClause(Atom(org.typelevel.sbt.TypelevelCiPlugin),Set(Atom(org.typelevel.sbt.gha.GenerativePlugin)))[0m
[0m[[0m[0mdebug[0m] [0m[0mClause(Atom(org.typelevel.sbt.TypelevelSonatypeCiReleasePlugin),Set(Atom(org.typelevel.sbt.gha.GenerativePlugin)))[0m
[0m[[0m[0mdebug[0m] [0m[0mClause(Atom(org.typelevel.sbt.TypelevelSonatypeCiReleasePlugin),Set(Atom(org.typelevel.sbt.TypelevelSonatypePlugin)))[0m
[0m[[0m[0mdebug[0m] [0m[0mClause(Atom(org.typelevel.sbt.TypelevelSonatypeCiReleasePlugin),Set(Atom(org.typelevel.sbt.gha.GitHubActionsPlugin)))[0m
[0m[[0m[0mdebug[0m] [0m[0mClause(Atom(org.typelevel.sbt.TypelevelCiSigningPlugin),Set(Atom(org.typelevel.sbt.gha.GenerativePlugin)))[0m
[0m[[0m[0mdebug[0m] [0m[0mClause(Atom(org.typelevel.sbt.TypelevelCiSigningPlugin),Set(Atom(io.crashbox.gpg.SbtGpg)))[0m
[0m[[0m[0mdebug[0m] [0m[0mClause(Atom(org.typelevel.sbt.TypelevelCiSigningPlugin),Set(Atom(org.typelevel.sbt.gha.GitHubActionsPlugin)))[0m
[0m[[0m[0mdebug[0m] [0m[0mClause(Atom(org.typelevel.sbt.TypelevelKernelPlugin),Set(Atom(sbt.plugins.JvmPlugin)))[0m
[0m[[0m[0mdebug[0m] [0m[0mClause(Atom(com.github.sbt.git.GitBranchPrompt),Set(Atom(com.github.sbt.git.GitPlugin)))[0m
[0m[[0m[0mdebug[0m] [0m[0mClause(Atom(com.github.sbt.git.GitVersioning),Set(Atom(sbt.plugins.IvyPlugin)))[0m
[0m[[0m[0mdebug[0m] [0m[0mClause(Atom(com.github.sbt.git.GitVersioning),Set(Atom(com.github.sbt.git.GitPlugin)))[0m
[0m[[0m[0mdebug[0m] [0m[0mClause(Atom(sbtcrossproject.CrossPlugin),Set(Atom(sbt.plugins.JvmPlugin)))[0m
[0m[[0m[0mdebug[0m] [0m[0mClause(Atom(scala.scalanative.sbtplugin.ScalaNativeJUnitPlugin),Set(Atom(scala.scalanative.sbtplugin.ScalaNativePlugin)))[0m
[0m[[0m[0mdebug[0m] [0m[0mClause(Atom(scala.scalanative.sbtplugin.ScalaNativePlugin),Set(Atom(sbt.plugins.JvmPlugin)))[0m
[0m[[0m[0mdebug[0m] [0m[0mClause(Atom(com.typesafe.tools.mima.plugin.MimaPlugin),Set(Atom(sbt.plugins.JvmPlugin)))[0m
[0m[[0m[0mdebug[0m] [0m[0mClause(Atom(org.typelevel.sbt.gha.GenerativePlugin),Set(Atom(sbt.plugins.JvmPlugin)))[0m
[0m[[0m[0mdebug[0m] [0m[0mClause(Atom(org.typelevel.sbt.gha.GitHubActionsPlugin),Set(Atom(sbt.plugins.JvmPlugin)))[0m
[0m[[0m[0mdebug[0m] [0m[0mClause(Atom(org.typelevel.sbt.TypelevelSonatypePlugin),Set(Atom(com.typesafe.tools.mima.plugin.MimaPlugin)))[0m
[0m[[0m[0mdebug[0m] [0m[0mClause(Atom(org.typelevel.sbt.TypelevelSonatypePlugin),Set(Atom(xerial.sbt.Sonatype)))[0m
[0m[[0m[0mdebug[0m] [0m[0mClause(Atom(org.typelevel.sbt.TypelevelUnidocPlugin),Set(Atom(sbtunidoc.ScalaUnidocPlugin)))[0m
[0m[[0m[0mdebug[0m] [0m[0mClause(Atom(io.crashbox.gpg.SbtGpg),Set(Atom(sbt.plugins.JvmPlugin)))[0m
[0m[[0m[0mdebug[0m] [0m[0mClause(Atom(xerial.sbt.Sonatype),Set(Atom(sbt.plugins.JvmPlugin)))[0m
[0m[[0m[0mdebug[0m] [0m[0mClause(Atom(sbtunidoc.BaseUnidocPlugin),Set(Atom(sbt.plugins.JvmPlugin)))[0m
[0m[[0m[0mdebug[0m] [0m[0mClause(Atom(sbtunidoc.GenJavadocPlugin),Set(Atom(sbt.plugins.JvmPlugin)))[0m
[0m[[0m[0mdebug[0m] [0m[0mClause(Atom(sbtunidoc.JavaUnidocPlugin),Set(Atom(sbtunidoc.BaseUnidocPlugin)))[0m
[0m[[0m[0mdebug[0m] [0m[0mClause(Atom(sbtunidoc.PublishJavadocPlugin),Set(Atom(sbtunidoc.GenJavadocPlugin)))[0m
[0m[[0m[0mdebug[0m] [0m[0mClause(Atom(sbtunidoc.ScalaUnidocPlugin),Set(Atom(sbtunidoc.BaseUnidocPlugin)))[0m
[0m[[0m[0mdebug[0m] [0m[0mClause(Atom(sbt.plugins.CorePlugin),Set(Atom(sbt.plugins.IvyPlugin)))[0m
[0m[[0m[0mdebug[0m] [0m[0mClause(Atom(sbt.plugins.IvyPlugin),Set(Atom(sbt.plugins.JvmPlugin)))[0m
[0m[[0m[0mdebug[0m] [0m[0mClause(Atom(sbt.plugins.JvmPlugin),Set(Atom(sbt.plugins.SemanticdbPlugin)))[0m
[0m[[0m[0mdebug[0m] [0m[0mClause(Atom(sbt.plugins.JvmPlugin),Set(Atom(sbt.plugins.JUnitXmlReportPlugin)))[0m
[0m[[0m[0mdebug[0m] [0m[0mClause(Atom(sbt.plugins.CorePlugin),Set(Atom(sbt.plugins.Giter8TemplatePlugin)))[0m
[0m[[0m[0mdebug[0m] [0m[0mClause(Atom(sbt.plugins.JvmPlugin),Set(Atom(sbt.plugins.MiniDependencyTreePlugin)))[0m
[0m[[0m[0mdebug[0m] [0m[0mClause(Atom(sbtcrossproject.CrossPlugin),Set(Atom(org.typelevel.sbt.TypelevelBspPlugin)))[0m
[0m[[0m[0mdebug[0m] [0m[0mClause(And(Set(Atom(org.typelevel.sbt.TypelevelSettingsPlugin), Atom(org.typelevel.sbt.TypelevelKernelPlugin), Atom(org.typelevel.sbt.TypelevelCiReleasePlugin), Atom(org.typelevel.sbt.gha.GitHubActionsPlugin), Atom(de.heikoseeberger.sbtheader.HeaderPlugin))),Set(Atom(org.typelevel.sbt.TypelevelPlugin)))[0m
[0m[[0m[0mdebug[0m] [0m[0mClause(Atom(sbt.plugins.JvmPlugin),Set(Atom(org.portablescala.sbtplatformdeps.PlatformDepsPlugin)))[0m
[0m[[0m[0mdebug[0m] [0m[0mClause(And(Set(Atom(org.typelevel.sbt.TypelevelCiSigningPlugin), Atom(org.typelevel.sbt.TypelevelSonatypeCiReleasePlugin), Atom(org.typelevel.sbt.TypelevelMimaPlugin), Atom(org.typelevel.sbt.TypelevelVersioningPlugin), Atom(org.typelevel.sbt.TypelevelCiPlugin))),Set(Atom(org.typelevel.sbt.TypelevelCiReleasePlugin)))[0m
[0m[[0m[0mdebug[0m] [0m[0mClause(And(Set(Atom(org.typelevel.sbt.TypelevelKernelPlugin), Atom(com.github.sbt.git.GitPlugin))),Set(Atom(org.typelevel.sbt.TypelevelSettingsPlugin)))[0m
[0m[[0m[0mdebug[0m] [0m[0mClause(Atom(sbt.plugins.JvmPlugin),Set(Atom(org.scalafmt.sbt.ScalafmtPlugin)))[0m
[0m[[0m[0mdebug[0m] [0m[0mClause(Atom(sbt.plugins.JvmPlugin),Set(Atom(de.heikoseeberger.sbtheader.HeaderPlugin)))[0m
[0m[[0m[0mdebug[0m] [0m[0mClause(Atom(org.scalajs.sbtplugin.ScalaJSPlugin),Set(Atom(scalajscrossproject.ScalaJSCrossPlugin)))[0m
[0m[[0m[0mdebug[0m] [0m[0mClause(Atom(sbt.plugins.JvmPlugin),Set(Atom(org.typelevel.sbt.NoPublishGlobalPlugin)))[0m
[0m[[0m[0mdebug[0m] [0m[0mClause(Atom(org.typelevel.sbt.TypelevelKernelPlugin),Set(Atom(org.typelevel.sbt.TypelevelGitHubPlugin)))[0m
[0m[[0m[0mdebug[0m] [0m[0mClause(And(Set(Atom(org.scalajs.sbtplugin.ScalaJSPlugin), Atom(org.typelevel.sbt.TypelevelKernelPlugin))),Set(Atom(org.typelevel.sbt.TypelevelScalaJSGitHubPlugin)))[0m
[0m[[0m[0mdebug[0m] [0m[0mClause(And(Set(Atom(scala.scalanative.sbtplugin.ScalaNativePlugin), Atom(org.typelevel.sbt.TypelevelKernelPlugin))),Set(Atom(org.typelevel.sbt.TypelevelScalaNativeGitHubPlugin)))[0m
[0m[[0m[0mdebug[0m] [0m[0mClause(Atom(com.github.sbt.git.GitPlugin),Set(Atom(org.typelevel.sbt.TypelevelVersioningPlugin)))[0m
[0m[[0m[0mdebug[0m] [0m[0mClause(Atom(com.typesafe.tools.mima.plugin.MimaPlugin),Set(Atom(org.typelevel.sbt.TypelevelMimaPlugin)))[0m
[0m[[0m[0mdebug[0m] [0m[0mClause(And(Set(Atom(org.typelevel.sbt.gha.GitHubActionsPlugin), Atom(org.typelevel.sbt.gha.GenerativePlugin))),Set(Atom(org.typelevel.sbt.TypelevelCiPlugin)))[0m
[0m[[0m[0mdebug[0m] [0m[0mClause(And(Set(Atom(org.typelevel.sbt.gha.GenerativePlugin), Atom(org.typelevel.sbt.TypelevelSonatypePlugin), Atom(org.typelevel.sbt.gha.GitHubActionsPlugin))),Set(Atom(org.typelevel.sbt.TypelevelSonatypeCiReleasePlugin)))[0m
[0m[[0m[0mdebug[0m] [0m[0mClause(And(Set(Atom(org.typelevel.sbt.gha.GenerativePlugin), Atom(io.crashbox.gpg.SbtGpg), Atom(org.typelevel.sbt.gha.GitHubActionsPlugin))),Set(Atom(org.typelevel.sbt.TypelevelCiSigningPlugin)))[0m
[0m[[0m[0mdebug[0m] [0m[0mClause(Atom(sbt.plugins.JvmPlugin),Set(Atom(org.typelevel.sbt.TypelevelKernelPlugin)))[0m
[0m[[0m[0mdebug[0m] [0m[0mClause(Atom(sbt.plugins.CorePlugin),Set(Atom(com.github.sbt.git.GitPlugin)))[0m
[0m[[0m[0mdebug[0m] [0m[0mClause(Atom(sbt.plugins.JvmPlugin),Set(Atom(sbtcrossproject.CrossPlugin)))[0m
[0m[[0m[0mdebug[0m] [0m[0mClause(Atom(sbt.plugins.JvmPlugin),Set(Atom(com.typesafe.tools.mima.plugin.MimaPlugin)))[0m
[0m[[0m[0mdebug[0m] [0m[0mClause(Atom(sbt.plugins.JvmPlugin),Set(Atom(org.typelevel.sbt.gha.GenerativePlugin)))[0m
[0m[[0m[0mdebug[0m] [0m[0mClause(Atom(sbt.plugins.JvmPlugin),Set(Atom(org.typelevel.sbt.gha.GitHubActionsPlugin)))[0m
[0m[[0m[0mdebug[0m] [0m[0mClause(And(Set(Atom(com.typesafe.tools.mima.plugin.MimaPlugin), Atom(xerial.sbt.Sonatype))),Set(Atom(org.typelevel.sbt.TypelevelSonatypePlugin)))[0m
[0m[[0m[0mdebug[0m] [0m[0mClause(Atom(sbt.plugins.JvmPlugin),Set(Atom(io.crashbox.gpg.SbtGpg)))[0m
[0m[[0m[0mdebug[0m] [0m[0mClause(Atom(sbt.plugins.JvmPlugin),Set(Atom(xerial.sbt.Sonatype))))[0m
[0m[[0m[0mdebug[0m] [0m[0m  :: deduced result: Matched(sbt.plugins.CorePlugin,com.github.sbt.git.GitPlugin,sbt.plugins.Giter8TemplatePlugin,sbt.plugins.IvyPlugin,org.typelevel.sbt.TypelevelVersioningPlugin,sbt.plugins.JvmPlugin,de.heikoseeberger.sbtheader.HeaderPlugin,org.scalafmt.sbt.ScalafmtPlugin,org.typelevel.sbt.gha.GitHubActionsPlugin,io.crashbox.gpg.SbtGpg,com.typesafe.tools.mima.plugin.MimaPlugin,org.portablescala.sbtplatformdeps.PlatformDepsPlugin,sbt.plugins.SemanticdbPlugin,sbt.plugins.JUnitXmlReportPlugin,org.typelevel.sbt.TypelevelKernelPlugin,xerial.sbt.Sonatype,sbtcrossproject.CrossPlugin,org.typelevel.sbt.gha.GenerativePlugin,sbt.plugins.MiniDependencyTreePlugin,org.typelevel.sbt.NoPublishGlobalPlugin,org.typelevel.sbt.TypelevelCiPlugin,org.typelevel.sbt.TypelevelSonatypePlugin,org.typelevel.sbt.TypelevelMimaPlugin,org.typelevel.sbt.TypelevelGitHubPlugin,org.typelevel.sbt.TypelevelSettingsPlugin,org.typelevel.sbt.TypelevelBspPlugin,org.typelevel.sbt.TypelevelCiSigningPlugin,org.typelevel.sbt.TypelevelSonatypeCiReleasePlugin,org.typelevel.sbt.TypelevelCiReleasePlugin,org.typelevel.sbt.TypelevelPlugin)[0m
[0m[[0m[0mdebug[0m] [0m[0mPlugins.deducer#function took 10.6784 ms[0m
[0m[[0m[0mdebug[0m] [0m[0m      Load.resolveProject(example) took 3.2372ms[0m
[0m[[0m[0mdebug[0m] [0m[0m[Loading] Done in C:\Users\syedm\Practice\open_source\Prototype_Native\native-poller, returning: (core, example)[0m
[0m[[0m[0mdebug[0m] [0m[0mdeducing auto plugins based on known facts Set(Atom(sbt.plugins.CorePlugin)) and clauses Clauses(Clause(Atom(sbt.plugins.JvmPlugin),Set(Atom(sbt.plugins.IvyPlugin)))[0m
[0m[[0m[0mdebug[0m] [0m[0mClause(Atom(sbt.ScriptedPlugin),Set(Atom(sbt.plugins.JvmPlugin)))[0m
[0m[[0m[0mdebug[0m] [0m[0mClause(Atom(sbt.plugins.SbtPlugin),Set(Atom(sbt.ScriptedPlugin)))[0m
[0m[[0m[0mdebug[0m] [0m[0mClause(Atom(sbt.plugins.SemanticdbPlugin),Set(Atom(sbt.plugins.JvmPlugin)))[0m
[0m[[0m[0mdebug[0m] [0m[0mClause(Atom(sbt.plugins.JUnitXmlReportPlugin),Set(Atom(sbt.plugins.JvmPlugin)))[0m
[0m[[0m[0mdebug[0m] [0m[0mClause(Atom(sbt.plugins.MiniDependencyTreePlugin),Set(Atom(sbt.plugins.JvmPlugin)))[0m
[0m[[0m[0mdebug[0m] [0m[0mClause(Atom(org.scalajs.sbtplugin.ScalaJSJUnitPlugin),Set(Atom(org.scalajs.sbtplugin.ScalaJSPlugin)))[0m
[0m[[0m[0mdebug[0m] [0m[0mClause(Atom(org.scalajs.sbtplugin.ScalaJSPlugin),Set(Atom(sbt.plugins.JvmPlugin)))[0m
[0m[[0m[0mdebug[0m] [0m[0mClause(Atom(org.typelevel.sbt.TypelevelBspPlugin),Set(Atom(sbtcrossproject.CrossPlugin)))[0m
[0m[[0m[0mdebug[0m] [0m[0mClause(Atom(org.typelevel.sbt.TypelevelPlugin),Set(Atom(de.heikoseeberger.sbtheader.HeaderPlugin)))[0m
[0m[[0m[0mdebug[0m] [0m[0mClause(Atom(org.typelevel.sbt.TypelevelPlugin),Set(Atom(org.typelevel.sbt.gha.GitHubActionsPlugin)))[0m
[0m[[0m[0mdebug[0m] [0m[0mClause(Atom(org.typelevel.sbt.TypelevelPlugin),Set(Atom(org.typelevel.sbt.TypelevelCiReleasePlugin)))[0m
[0m[[0m[0mdebug[0m] [0m[0mClause(Atom(org.typelevel.sbt.TypelevelPlugin),Set(Atom(org.typelevel.sbt.TypelevelKernelPlugin)))[0m
[0m[[0m[0mdebug[0m] [0m[0mClause(Atom(org.typelevel.sbt.TypelevelPlugin),Set(Atom(org.typelevel.sbt.TypelevelSettingsPlugin)))[0m
[0m[[0m[0mdebug[0m] [0m[0mClause(Atom(org.portablescala.sbtplatformdeps.PlatformDepsPlugin),Set(Atom(sbt.plugins.JvmPlugin)))[0m
[0m[[0m[0mdebug[0m] [0m[0mClause(Atom(org.typelevel.sbt.TypelevelCiReleasePlugin),Set(Atom(org.typelevel.sbt.TypelevelCiSigningPlugin)))[0m
[0m[[0m[0mdebug[0m] [0m[0mClause(Atom(org.typelevel.sbt.TypelevelCiReleasePlugin),Set(Atom(org.typelevel.sbt.TypelevelSonatypeCiReleasePlugin)))[0m
[0m[[0m[0mdebug[0m] [0m[0mClause(Atom(org.typelevel.sbt.TypelevelCiReleasePlugin),Set(Atom(org.typelevel.sbt.TypelevelCiPlugin)))[0m
[0m[[0m[0mdebug[0m] [0m[0mClause(Atom(org.typelevel.sbt.TypelevelCiReleasePlugin),Set(Atom(org.typelevel.sbt.TypelevelVersioningPlugin)))[0m
[0m[[0m[0mdebug[0m] [0m[0mClause(Atom(org.typelevel.sbt.TypelevelCiReleasePlugin),Set(Atom(org.typelevel.sbt.TypelevelMimaPlugin)))[0m
[0m[[0m[0mdebug[0m] [0m[0mClause(Atom(org.typelevel.sbt.TypelevelSettingsPlugin),Set(Atom(org.typelevel.sbt.TypelevelKernelPlugin)))[0m
[0m[[0m[0mdebug[0m] [0m[0mClause(Atom(org.typelevel.sbt.TypelevelSettingsPlugin),Set(Atom(com.github.sbt.git.GitPlugin)))[0m
[0m[[0m[0mdebug[0m] [0m[0mClause(Atom(org.scalafmt.sbt.ScalafmtPlugin),Set(Atom(sbt.plugins.JvmPlugin)))[0m
[0m[[0m[0mdebug[0m] [0m[0mClause(Atom(de.heikoseeberger.sbtheader.AutomateHeaderPlugin),Set(Atom(de.heikoseeberger.sbtheader.HeaderPlugin)))[0m
[0m[[0m[0mdebug[0m] [0m[0mClause(Atom(de.heikoseeberger.sbtheader.HeaderPlugin),Set(Atom(sbt.plugins.JvmPlugin)))[0m
[0m[[0m[0mdebug[0m] [0m[0mClause(Atom(scalajscrossproject.ScalaJSCrossPlugin),Set(Atom(org.scalajs.sbtplugin.ScalaJSPlugin)))[0m
[0m[[0m[0mdebug[0m] [0m[0mClause(Atom(scalanativecrossproject.ScalaNativeCrossPlugin),Set(Atom(sbt.plugins.JvmPlugin)))[0m
[0m[[0m[0mdebug[0m] [0m[0mClause(Atom(org.typelevel.sbt.NoPublishGlobalPlugin),Set(Atom(sbt.plugins.JvmPlugin)))[0m
[0m[[0m[0mdebug[0m] [0m[0mClause(Atom(org.typelevel.sbt.NoPublishPlugin),Set(Atom(sbt.plugins.JvmPlugin)))[0m
[0m[[0m[0mdebug[0m] [0m[0mClause(Atom(org.typelevel.sbt.TypelevelGitHubPlugin),Set(Atom(org.typelevel.sbt.TypelevelKernelPlugin)))[0m
[0m[[0m[0mdebug[0m] [0m[0mClause(Atom(org.typelevel.sbt.TypelevelScalaJSGitHubPlugin),Set(Atom(org.scalajs.sbtplugin.ScalaJSPlugin)))[0m
[0m[[0m[0mdebug[0m] [0m[0mClause(Atom(org.typelevel.sbt.TypelevelScalaJSGitHubPlugin),Set(Atom(org.typelevel.sbt.TypelevelKernelPlugin)))[0m
[0m[[0m[0mdebug[0m] [0m[0mClause(Atom(org.typelevel.sbt.TypelevelScalaNativeGitHubPlugin),Set(Atom(scala.scalanative.sbtplugin.ScalaNativePlugin)))[0m
[0m[[0m[0mdebug[0m] [0m[0mClause(Atom(org.typelevel.sbt.TypelevelScalaNativeGitHubPlugin),Set(Atom(org.typelevel.sbt.TypelevelKernelPlugin)))[0m
[0m[[0m[0mdebug[0m] [0m[0mClause(Atom(org.typelevel.sbt.TypelevelVersioningPlugin),Set(Atom(com.github.sbt.git.GitPlugin)))[0m
[0m[[0m[0mdebug[0m] [0m[0mClause(Atom(org.typelevel.sbt.TypelevelMimaPlugin),Set(Atom(com.typesafe.tools.mima.plugin.MimaPlugin)))[0m
[0m[[0m[0mdebug[0m] [0m[0mClause(Atom(org.typelevel.sbt.TypelevelCiCrossPlugin),Set(Atom(org.typelevel.sbt.TypelevelCiPlugin)))[0m
[0m[[0m[0mdebug[0m] [0m[0mClause(Atom(org.typelevel.sbt.TypelevelCiJSPlugin),Set(Atom(org.typelevel.sbt.TypelevelCiCrossPlugin)))[0m
[0m[[0m[0mdebug[0m] [0m[0mClause(Atom(org.typelevel.sbt.TypelevelCiJVMPlugin),Set(Atom(org.typelevel.sbt.TypelevelCiCrossPlugin)))[0m
[0m[[0m[0mdebug[0m] [0m[0mClause(Atom(org.typelevel.sbt.TypelevelCiNativePlugin),Set(Atom(org.typelevel.sbt.TypelevelCiCrossPlugin)))[0m
[0m[[0m[0mdebug[0m] [0m[0mClause(Atom(org.typelevel.sbt.TypelevelCiPlugin),Set(Atom(org.typelevel.sbt.gha.GitHubActionsPlugin)))[0m
[0m[[0m[0mdebug[0m] [0m[0mClause(Atom(org.typelevel.sbt.TypelevelCiPlugin),Set(Atom(org.typelevel.sbt.gha.GenerativePlugin)))[0m
[0m[[0m[0mdebug[0m] [0m[0mClause(Atom(org.typelevel.sbt.TypelevelSonatypeCiReleasePlugin),Set(Atom(org.typelevel.sbt.gha.GenerativePlugin)))[0m
[0m[[0m[0mdebug[0m] [0m[0mClause(Atom(org.typelevel.sbt.TypelevelSonatypeCiReleasePlugin),Set(Atom(org.typelevel.sbt.TypelevelSonatypePlugin)))[0m
[0m[[0m[0mdebug[0m] [0m[0mClause(Atom(org.typelevel.sbt.TypelevelSonatypeCiReleasePlugin),Set(Atom(org.typelevel.sbt.gha.GitHubActionsPlugin)))[0m
[0m[[0m[0mdebug[0m] [0m[0mClause(Atom(org.typelevel.sbt.TypelevelCiSigningPlugin),Set(Atom(org.typelevel.sbt.gha.GenerativePlugin)))[0m
[0m[[0m[0mdebug[0m] [0m[0mClause(Atom(org.typelevel.sbt.TypelevelCiSigningPlugin),Set(Atom(io.crashbox.gpg.SbtGpg)))[0m
[0m[[0m[0mdebug[0m] [0m[0mClause(Atom(org.typelevel.sbt.TypelevelCiSigningPlugin),Set(Atom(org.typelevel.sbt.gha.GitHubActionsPlugin)))[0m
[0m[[0m[0mdebug[0m] [0m[0mClause(Atom(org.typelevel.sbt.TypelevelKernelPlugin),Set(Atom(sbt.plugins.JvmPlugin)))[0m
[0m[[0m[0mdebug[0m] [0m[0mClause(Atom(com.github.sbt.git.GitBranchPrompt),Set(Atom(com.github.sbt.git.GitPlugin)))[0m
[0m[[0m[0mdebug[0m] [0m[0mClause(Atom(com.github.sbt.git.GitVersioning),Set(Atom(sbt.plugins.IvyPlugin)))[0m
[0m[[0m[0mdebug[0m] [0m[0mClause(Atom(com.github.sbt.git.GitVersioning),Set(Atom(com.github.sbt.git.GitPlugin)))[0m
[0m[[0m[0mdebug[0m] [0m[0mClause(Atom(sbtcrossproject.CrossPlugin),Set(Atom(sbt.plugins.JvmPlugin)))[0m
[0m[[0m[0mdebug[0m] [0m[0mClause(Atom(scala.scalanative.sbtplugin.ScalaNativeJUnitPlugin),Set(Atom(scala.scalanative.sbtplugin.ScalaNativePlugin)))[0m
[0m[[0m[0mdebug[0m] [0m[0mClause(Atom(scala.scalanative.sbtplugin.ScalaNativePlugin),Set(Atom(sbt.plugins.JvmPlugin)))[0m
[0m[[0m[0mdebug[0m] [0m[0mClause(Atom(com.typesafe.tools.mima.plugin.MimaPlugin),Set(Atom(sbt.plugins.JvmPlugin)))[0m
[0m[[0m[0mdebug[0m] [0m[0mClause(Atom(org.typelevel.sbt.gha.GenerativePlugin),Set(Atom(sbt.plugins.JvmPlugin)))[0m
[0m[[0m[0mdebug[0m] [0m[0mClause(Atom(org.typelevel.sbt.gha.GitHubActionsPlugin),Set(Atom(sbt.plugins.JvmPlugin)))[0m
[0m[[0m[0mdebug[0m] [0m[0mClause(Atom(org.typelevel.sbt.TypelevelSonatypePlugin),Set(Atom(com.typesafe.tools.mima.plugin.MimaPlugin)))[0m
[0m[[0m[0mdebug[0m] [0m[0mClause(Atom(org.typelevel.sbt.TypelevelSonatypePlugin),Set(Atom(xerial.sbt.Sonatype)))[0m
[0m[[0m[0mdebug[0m] [0m[0mClause(Atom(org.typelevel.sbt.TypelevelUnidocPlugin),Set(Atom(sbtunidoc.ScalaUnidocPlugin)))[0m
[0m[[0m[0mdebug[0m] [0m[0mClause(Atom(io.crashbox.gpg.SbtGpg),Set(Atom(sbt.plugins.JvmPlugin)))[0m
[0m[[0m[0mdebug[0m] [0m[0mClause(Atom(xerial.sbt.Sonatype),Set(Atom(sbt.plugins.JvmPlugin)))[0m
[0m[[0m[0mdebug[0m] [0m[0mClause(Atom(sbtunidoc.BaseUnidocPlugin),Set(Atom(sbt.plugins.JvmPlugin)))[0m
[0m[[0m[0mdebug[0m] [0m[0mClause(Atom(sbtunidoc.GenJavadocPlugin),Set(Atom(sbt.plugins.JvmPlugin)))[0m
[0m[[0m[0mdebug[0m] [0m[0mClause(Atom(sbtunidoc.JavaUnidocPlugin),Set(Atom(sbtunidoc.BaseUnidocPlugin)))[0m
[0m[[0m[0mdebug[0m] [0m[0mClause(Atom(sbtunidoc.PublishJavadocPlugin),Set(Atom(sbtunidoc.GenJavadocPlugin)))[0m
[0m[[0m[0mdebug[0m] [0m[0mClause(Atom(sbtunidoc.ScalaUnidocPlugin),Set(Atom(sbtunidoc.BaseUnidocPlugin)))[0m
[0m[[0m[0mdebug[0m] [0m[0mClause(Atom(sbt.plugins.CorePlugin),Set(Atom(sbt.plugins.IvyPlugin)))[0m
[0m[[0m[0mdebug[0m] [0m[0mClause(Atom(sbt.plugins.IvyPlugin),Set(Atom(sbt.plugins.JvmPlugin)))[0m
[0m[[0m[0mdebug[0m] [0m[0mClause(Atom(sbt.plugins.JvmPlugin),Set(Atom(sbt.plugins.SemanticdbPlugin)))[0m
[0m[[0m[0mdebug[0m] [0m[0mClause(Atom(sbt.plugins.JvmPlugin),Set(Atom(sbt.plugins.JUnitXmlReportPlugin)))[0m
[0m[[0m[0mdebug[0m] [0m[0mClause(Atom(sbt.plugins.CorePlugin),Set(Atom(sbt.plugins.Giter8TemplatePlugin)))[0m
[0m[[0m[0mdebug[0m] [0m[0mClause(Atom(sbt.plugins.JvmPlugin),Set(Atom(sbt.plugins.MiniDependencyTreePlugin)))[0m
[0m[[0m[0mdebug[0m] [0m[0mClause(Atom(sbtcrossproject.CrossPlugin),Set(Atom(org.typelevel.sbt.TypelevelBspPlugin)))[0m
[0m[[0m[0mdebug[0m] [0m[0mClause(And(Set(Atom(org.typelevel.sbt.TypelevelSettingsPlugin), Atom(org.typelevel.sbt.TypelevelKernelPlugin), Atom(org.typelevel.sbt.TypelevelCiReleasePlugin), Atom(org.typelevel.sbt.gha.GitHubActionsPlugin), Atom(de.heikoseeberger.sbtheader.HeaderPlugin))),Set(Atom(org.typelevel.sbt.TypelevelPlugin)))[0m
[0m[[0m[0mdebug[0m] [0m[0mClause(Atom(sbt.plugins.JvmPlugin),Set(Atom(org.portablescala.sbtplatformdeps.PlatformDepsPlugin)))[0m
[0m[[0m[0mdebug[0m] [0m[0mClause(And(Set(Atom(org.typelevel.sbt.TypelevelCiSigningPlugin), Atom(org.typelevel.sbt.TypelevelSonatypeCiReleasePlugin), Atom(org.typelevel.sbt.TypelevelMimaPlugin), Atom(org.typelevel.sbt.TypelevelVersioningPlugin), Atom(org.typelevel.sbt.TypelevelCiPlugin))),Set(Atom(org.typelevel.sbt.TypelevelCiReleasePlugin)))[0m
[0m[[0m[0mdebug[0m] [0m[0mClause(And(Set(Atom(org.typelevel.sbt.TypelevelKernelPlugin), Atom(com.github.sbt.git.GitPlugin))),Set(Atom(org.typelevel.sbt.TypelevelSettingsPlugin)))[0m
[0m[[0m[0mdebug[0m] [0m[0mClause(Atom(sbt.plugins.JvmPlugin),Set(Atom(org.scalafmt.sbt.ScalafmtPlugin)))[0m
[0m[[0m[0mdebug[0m] [0m[0mClause(Atom(sbt.plugins.JvmPlugin),Set(Atom(de.heikoseeberger.sbtheader.HeaderPlugin)))[0m
[0m[[0m[0mdebug[0m] [0m[0mClause(Atom(org.scalajs.sbtplugin.ScalaJSPlugin),Set(Atom(scalajscrossproject.ScalaJSCrossPlugin)))[0m
[0m[[0m[0mdebug[0m] [0m[0mClause(Atom(sbt.plugins.JvmPlugin),Set(Atom(org.typelevel.sbt.NoPublishGlobalPlugin)))[0m
[0m[[0m[0mdebug[0m] [0m[0mClause(Atom(org.typelevel.sbt.TypelevelKernelPlugin),Set(Atom(org.typelevel.sbt.TypelevelGitHubPlugin)))[0m
[0m[[0m[0mdebug[0m] [0m[0mClause(And(Set(Atom(org.scalajs.sbtplugin.ScalaJSPlugin), Atom(org.typelevel.sbt.TypelevelKernelPlugin))),Set(Atom(org.typelevel.sbt.TypelevelScalaJSGitHubPlugin)))[0m
[0m[[0m[0mdebug[0m] [0m[0mClause(And(Set(Atom(scala.scalanative.sbtplugin.ScalaNativePlugin), Atom(org.typelevel.sbt.TypelevelKernelPlugin))),Set(Atom(org.typelevel.sbt.TypelevelScalaNativeGitHubPlugin)))[0m
[0m[[0m[0mdebug[0m] [0m[0mClause(Atom(com.github.sbt.git.GitPlugin),Set(Atom(org.typelevel.sbt.TypelevelVersioningPlugin)))[0m
[0m[[0m[0mdebug[0m] [0m[0mClause(Atom(com.typesafe.tools.mima.plugin.MimaPlugin),Set(Atom(org.typelevel.sbt.TypelevelMimaPlugin)))[0m
[0m[[0m[0mdebug[0m] [0m[0mClause(And(Set(Atom(org.typelevel.sbt.gha.GitHubActionsPlugin), Atom(org.typelevel.sbt.gha.GenerativePlugin))),Set(Atom(org.typelevel.sbt.TypelevelCiPlugin)))[0m
[0m[[0m[0mdebug[0m] [0m[0mClause(And(Set(Atom(org.typelevel.sbt.gha.GenerativePlugin), Atom(org.typelevel.sbt.TypelevelSonatypePlugin), Atom(org.typelevel.sbt.gha.GitHubActionsPlugin))),Set(Atom(org.typelevel.sbt.TypelevelSonatypeCiReleasePlugin)))[0m
[0m[[0m[0mdebug[0m] [0m[0mClause(And(Set(Atom(org.typelevel.sbt.gha.GenerativePlugin), Atom(io.crashbox.gpg.SbtGpg), Atom(org.typelevel.sbt.gha.GitHubActionsPlugin))),Set(Atom(org.typelevel.sbt.TypelevelCiSigningPlugin)))[0m
[0m[[0m[0mdebug[0m] [0m[0mClause(Atom(sbt.plugins.JvmPlugin),Set(Atom(org.typelevel.sbt.TypelevelKernelPlugin)))[0m
[0m[[0m[0mdebug[0m] [0m[0mClause(Atom(sbt.plugins.CorePlugin),Set(Atom(com.github.sbt.git.GitPlugin)))[0m
[0m[[0m[0mdebug[0m] [0m[0mClause(Atom(sbt.plugins.JvmPlugin),Set(Atom(sbtcrossproject.CrossPlugin)))[0m
[0m[[0m[0mdebug[0m] [0m[0mClause(Atom(sbt.plugins.JvmPlugin),Set(Atom(com.typesafe.tools.mima.plugin.MimaPlugin)))[0m
[0m[[0m[0mdebug[0m] [0m[0mClause(Atom(sbt.plugins.JvmPlugin),Set(Atom(org.typelevel.sbt.gha.GenerativePlugin)))[0m
[0m[[0m[0mdebug[0m] [0m[0mClause(Atom(sbt.plugins.JvmPlugin),Set(Atom(org.typelevel.sbt.gha.GitHubActionsPlugin)))[0m
[0m[[0m[0mdebug[0m] [0m[0mClause(And(Set(Atom(com.typesafe.tools.mima.plugin.MimaPlugin), Atom(xerial.sbt.Sonatype))),Set(Atom(org.typelevel.sbt.TypelevelSonatypePlugin)))[0m
[0m[[0m[0mdebug[0m] [0m[0mClause(Atom(sbt.plugins.JvmPlugin),Set(Atom(io.crashbox.gpg.SbtGpg)))[0m
[0m[[0m[0mdebug[0m] [0m[0mClause(Atom(sbt.plugins.JvmPlugin),Set(Atom(xerial.sbt.Sonatype))))[0m
[0m[[0m[0mdebug[0m] [0m[0m  :: deduced result: Matched(sbt.plugins.CorePlugin,com.github.sbt.git.GitPlugin,sbt.plugins.Giter8TemplatePlugin,sbt.plugins.IvyPlugin,org.typelevel.sbt.TypelevelVersioningPlugin,sbt.plugins.JvmPlugin,de.heikoseeberger.sbtheader.HeaderPlugin,org.scalafmt.sbt.ScalafmtPlugin,org.typelevel.sbt.gha.GitHubActionsPlugin,io.crashbox.gpg.SbtGpg,com.typesafe.tools.mima.plugin.MimaPlugin,org.portablescala.sbtplatformdeps.PlatformDepsPlugin,sbt.plugins.SemanticdbPlugin,sbt.plugins.JUnitXmlReportPlugin,org.typelevel.sbt.TypelevelKernelPlugin,xerial.sbt.Sonatype,sbtcrossproject.CrossPlugin,org.typelevel.sbt.gha.GenerativePlugin,sbt.plugins.MiniDependencyTreePlugin,org.typelevel.sbt.NoPublishGlobalPlugin,org.typelevel.sbt.TypelevelCiPlugin,org.typelevel.sbt.TypelevelSonatypePlugin,org.typelevel.sbt.TypelevelMimaPlugin,org.typelevel.sbt.TypelevelGitHubPlugin,org.typelevel.sbt.TypelevelSettingsPlugin,org.typelevel.sbt.TypelevelBspPlugin,org.typelevel.sbt.TypelevelCiSigningPlugin,org.typelevel.sbt.TypelevelSonatypeCiReleasePlugin,org.typelevel.sbt.TypelevelCiReleasePlugin,org.typelevel.sbt.TypelevelPlugin)[0m
[0m[[0m[0mdebug[0m] [0m[0mPlugins.deducer#function took 7.1515 ms[0m
[0m[[0m[0minfo[0m] [0m[0mloading settings for project native-poller from build.sbt...[0m
[0m[[0m[0mdebug[0m] [0m[0m        Load.resolveProject(native-poller) took 6.0582ms[0m
[0m[[0m[0mdebug[0m] [0m[0m      Load.loadTransitive: finalizeProject(Project(id native-poller, base: C:\Users\syedm\Practice\open_source\Prototype_Native\native-poller, aggregate: List(ProjectRef(file:/C:/Users/syedm/Practice/open_source/Prototype_Native/native-poller/,core), ProjectRef(file:/C:/Users/syedm/Practice/open_source/Prototype_Native/native-poller/,example)), plugins: List(<none>))) took 14.3937ms[0m
[0m[[0m[0mdebug[0m] [0m[0m[Loading] Done in C:\Users\syedm\Practice\open_source\Prototype_Native\native-poller, returning: (native-poller, core, example)[0m
[0m[[0m[0mdebug[0m] [0m[0m    Load.loadUnit: loadedProjectsRaw took 297.6659ms[0m
[0m[[0m[0mdebug[0m] [0m[0m    Load.loadUnit: cleanEvalClasses took 15.8923ms[0m
[0m[[0m[0mdebug[0m] [0m[0m  Load.loadUnit(file:/C:/Users/syedm/Practice/open_source/Prototype_Native/native-poller/, ...) took 4338.2015ms[0m
[0m[[0m[0mdebug[0m] [0m[0mLoad.apply: load took 4379.6897ms[0m
[0m[[0m[0mdebug[0m] [0m[0mLoad.apply: resolveProjects took 1.1116ms[0m
[0m[[0m[0mdebug[0m] [0m[0mLoad.apply: finalTransforms took 63.8312ms[0m
[0m[[0m[0mdebug[0m] [0m[0mLoad.apply: config.delegates took 1.5447ms[0m
[0m[[0m[0minfo[0m] [0m[0mset scmInfo to https://github.com/synan-mannan/myr[0m
[0m[[0m[0mdebug[0m] [0m[0mLoad.apply: Def.make(settings)... took 20973.0172ms[0m
[0m[[0m[0mdebug[0m] [0m[0mLoad.apply: structureIndex took 101.8242ms[0m
[0m[[0m[0mdebug[0m] [0m[0mLoad.apply: mkStreams took 0.005ms[0m
[0m[[0m[0minfo[0m] [0m[0mset current project to native-poller (in build file:/C:/Users/syedm/Practice/open_source/Prototype_Native/native-poller/)[0m
[0m[[0m[0mdebug[0m] [0m[0mRunning task... Cancel: Signal, check cycles: false, forcegc: true[0m
[0m[[0m[0mdebug[0m] [0m[0mRunning task... Cancel: Signal, check cycles: false, forcegc: true[0m
[0m[[0m[0mdebug[0m] [0m[0mRunning task... Cancel: Signal, check cycles: false, forcegc: true[0m
[0m[[0m[0mdebug[0m] [0m[0m> Exec(sbtPopOnFailure, None, None)[0m
[0m[[0m[0mdebug[0m] [0m[0m> Exec(resumeFromFailure, None, None)[0m
[0m[[0m[0mdebug[0m] [0m[0m> Exec(notifyUsersAboutShell, None, None)[0m
[0m[[0m[0mdebug[0m] [0m[0m> Exec(iflast shell, None, None)[0m
[0m[[0m[0mdebug[0m] [0m[0m> Exec(example/runMain com.example.nativepoller.example.EchoServer, None, None)[0m
[0m[[0m[0mdebug[0m] [0m[0mEvaluating tasks: example / Compile / runMain[0m
[0m[[0m[0mdebug[0m] [0m[0mRunning task... Cancel: Signal, check cycles: false, forcegc: true[0m
